#
# There is insufficient memory for the Java Runtime Environment to continue.
# Native memory allocation (mmap) failed to map 132120576 bytes. Error detail: G1 virtual space
# Possible reasons:
#   The system is out of physical RAM or swap space
#   This process is running with CompressedOops enabled, and the Java Heap may be blocking the growth of the native heap
# Possible solutions:
#   Reduce memory load on the system
#   Increase physical memory or swap space
#   Check if swap backing store is full
#   Decrease Java heap size (-Xmx/-Xms)
#   Decrease number of Java threads
#   Decrease Java thread stack sizes (-Xss)
#   Set larger code cache with -XX:ReservedCodeCacheSize=
#   JVM is running with Unscaled Compressed Oops mode in which the Java heap is
#     placed in the first 4GB address space. The Java Heap base address is the
#     maximum limit for the native heap growth. Please use -XX:HeapBaseMinAddress
#     to set the Java Heap base and to place the Java Heap above 4GB virtual address.
# This output file may be truncated or incomplete.
#
#  Out of Memory Error (os_windows.cpp:3815), pid=18052, tid=12832
#
# JRE version:  (21.0.3+13) (build )
# Java VM: OpenJDK 64-Bit Server VM (21.0.3+13-b509.4, mixed mode, sharing, tiered, compressed oops, compressed class ptrs, g1 gc, windows-amd64)
# No core dump will be written. Minidumps are not enabled by default on client versions of Windows
#

---------------  S U M M A R Y ------------

Command Line: git4idea.http.GitAskPassApp Username for 'https://github.com': 

Host: Intel(R) Core(TM) i5-10210U CPU @ 1.60GHz, 8 cores, 7G,  Windows 11 , 64 bit Build 22621 (10.0.22621.3958)
Time: Sun Sep  1 01:20:30 2024 Hora est. Pacífico, Sudamérica elapsed time: 0.019108 seconds (0d 0h 0m 0s)

---------------  T H R E A D  ---------------

Current thread (0x00000258289b6760):  JavaThread "Unknown thread" [_thread_in_vm, id=12832, stack(0x000000f0a8500000,0x000000f0a8600000) (1024K)]

Stack: [0x000000f0a8500000,0x000000f0a8600000]
Native frames: (J=compiled Java code, j=interpreted, Vv=VM code, C=native code)
V  [jvm.dll+0x6e02e9]
V  [jvm.dll+0x8bd373]
V  [jvm.dll+0x8bf8ce]
V  [jvm.dll+0x8bffb3]
V  [jvm.dll+0x2879b6]
V  [jvm.dll+0x6dcab5]
V  [jvm.dll+0x6d0f8a]
V  [jvm.dll+0x35f9ab]
V  [jvm.dll+0x367556]
V  [jvm.dll+0x3b8b46]
V  [jvm.dll+0x3b8e18]
V  [jvm.dll+0x33216c]
V  [jvm.dll+0x332e5b]
V  [jvm.dll+0x8845d9]
V  [jvm.dll+0x3c5f28]
V  [jvm.dll+0x86d7fd]
V  [jvm.dll+0x45ab8e]
V  [jvm.dll+0x45c761]
C  [jli.dll+0x52ab]
C  [ucrtbase.dll+0x29333]
C  [KERNEL32.DLL+0x1257d]
C  [ntdll.dll+0x5af28]


---------------  P R O C E S S  ---------------

Threads class SMR info:
_java_thread_list=0x00007ff8bc22d108, length=0, elements={
}

Java Threads: ( => current thread )
Total: 0

Other Threads:
  0x000002582ac91580 WorkerThread "GC Thread#0"                     [id=10856, stack(0x000000f0a8600000,0x000000f0a8700000) (1024K)]
  0x000002582aca1fe0 ConcurrentGCThread "G1 Main Marker"            [id=9376, stack(0x000000f0a8700000,0x000000f0a8800000) (1024K)]
  0x000002582aca2c90 WorkerThread "G1 Conc#0"                       [id=16992, stack(0x000000f0a8800000,0x000000f0a8900000) (1024K)]

[error occurred during error reporting (printing all threads), id 0xc0000005, EXCEPTION_ACCESS_VIOLATION (0xc0000005) at pc=0x00007ff8bb9252c7]
VM state: not at safepoint (not fully initialized)

VM Mutex/Monitor currently owned by a thread:  ([mutex/lock_event])
[0x00007ff8bc2a1858] Heap_lock - owner thread: 0x00000258289b6760

Heap address: 0x0000000082c00000, size: 2004 MB, Compressed Oops mode: 32-bit

CDS archive(s) mapped at: [0x0000000000000000-0x0000000000000000-0x0000000000000000), size 0, SharedBaseAddress: 0x0000000800000000, ArchiveRelocationMode: 1.
Narrow klass base: 0x0000000000000000, Narrow klass shift: 0, Narrow klass range: 0x0

GC Precious Log:
 CardTable entry size: 512
 Card Set container configuration: InlinePtr #cards 5 size 8 Array Of Cards #cards 12 size 40 Howl #buckets 4 coarsen threshold 1843 Howl Bitmap #cards 512 size 80 coarsen threshold 460 Card regions per heap region 1 cards per card region 2048

Heap:
 garbage-first heap   total 0K, used 0K [0x0000000082c00000, 0x0000000100000000)
  region size 1024K, 0 young (0K), 0 survivors (0K)
 Metaspace       used 0K, committed 0K, reserved 0K
  class space    used 0K, committed 0K, reserved 0K

Heap Regions: E=young(eden), S=young(survivor), O=old, HS=humongous(starts), HC=humongous(continues), CS=collection set, F=free, TAMS=top-at-mark-start, PB=parsable bottom

Card table byte_map: [0x000002583e250000,0x000002583e640000] _byte_map_base: 0x000002583de3a000

Marking Bits: (CMBitMap*) 0x000002582ac91c80
 Bits: [0x000002583e640000, 0x0000025840590000)

GC Heap History (0 events):
No events

Dll operation events (1 events):
Event: 0.011 Loaded shared library D:\Python\PyCharm 2024.2\jbr\bin\java.dll

Deoptimization events (0 events):
No events

Classes loaded (0 events):
No events

Classes unloaded (0 events):
No events

Classes redefined (0 events):
No events

Internal exceptions (0 events):
No events

ZGC Phase Switch (0 events):
No events

VM Operations (0 events):
No events

Events (0 events):
No events


Dynamic libraries:
0x00007ff61f6e0000 - 0x00007ff61f6ea000 	D:\Python\PyCharm 2024.2\jbr\bin\java.exe
0x00007ff8fc4b0000 - 0x00007ff8fc6c7000 	C:\WINDOWS\SYSTEM32\ntdll.dll
0x00007ff8fb090000 - 0x00007ff8fb154000 	C:\WINDOWS\System32\KERNEL32.DLL
0x00007ff8f97d0000 - 0x00007ff8f9b7d000 	C:\WINDOWS\System32\KERNELBASE.dll
0x00007ff8f9cf0000 - 0x00007ff8f9e01000 	C:\WINDOWS\System32\ucrtbase.dll
0x00007ff8f4f80000 - 0x00007ff8f4f9b000 	D:\Python\PyCharm 2024.2\jbr\bin\VCRUNTIME140.dll
0x00007ff8e5740000 - 0x00007ff8e5758000 	D:\Python\PyCharm 2024.2\jbr\bin\jli.dll
0x00007ff8fa940000 - 0x00007ff8faaee000 	C:\WINDOWS\System32\USER32.dll
0x00007ff8f9e80000 - 0x00007ff8f9ea6000 	C:\WINDOWS\System32\win32u.dll
0x00007ff8fa310000 - 0x00007ff8fa339000 	C:\WINDOWS\System32\GDI32.dll
0x00007ff8e71c0000 - 0x00007ff8e7453000 	C:\WINDOWS\WinSxS\amd64_microsoft.windows.common-controls_6595b64144ccf1df_6.0.22621.3672_none_2713b9d173822955\COMCTL32.dll
0x00007ff8f9f50000 - 0x00007ff8fa069000 	C:\WINDOWS\System32\gdi32full.dll
0x00007ff8fa750000 - 0x00007ff8fa7f7000 	C:\WINDOWS\System32\msvcrt.dll
0x00007ff8f9eb0000 - 0x00007ff8f9f4a000 	C:\WINDOWS\System32\msvcp_win.dll
0x00007ff8fb9e0000 - 0x00007ff8fba11000 	C:\WINDOWS\System32\IMM32.DLL
0x0000000055a80000 - 0x0000000055a8c000 	C:\Program Files (x86)\360\Total Security\safemon\SafeWrapper.dll
0x00007ff8fa340000 - 0x00007ff8fa3f2000 	C:\WINDOWS\System32\ADVAPI32.dll
0x00007ff8fa1e0000 - 0x00007ff8fa289000 	C:\WINDOWS\System32\sechost.dll
0x00007ff8f9c40000 - 0x00007ff8f9c68000 	C:\WINDOWS\System32\bcrypt.dll
0x00007ff8fbad0000 - 0x00007ff8fbbe4000 	C:\WINDOWS\System32\RPCRT4.dll
0x00007ff8d6e30000 - 0x00007ff8d6ec2000 	C:\Program Files (x86)\360\Total Security\safemon\libzdtp64.dll
0x00007ff8fbbf0000 - 0x00007ff8fc458000 	C:\WINDOWS\System32\SHELL32.dll
0x00007ff8fa8e0000 - 0x00007ff8fa93e000 	C:\WINDOWS\System32\SHLWAPI.dll
0x00007ff8f9280000 - 0x00007ff8f928a000 	C:\WINDOWS\SYSTEM32\VERSION.dll
0x00007ff8f5040000 - 0x00007ff8f504c000 	D:\Python\PyCharm 2024.2\jbr\bin\vcruntime140_1.dll
0x00007ff8ceab0000 - 0x00007ff8ceb3d000 	D:\Python\PyCharm 2024.2\jbr\bin\msvcp140.dll
0x00007ff8bb5e0000 - 0x00007ff8bc392000 	D:\Python\PyCharm 2024.2\jbr\bin\server\jvm.dll
0x00007ff8fa400000 - 0x00007ff8fa471000 	C:\WINDOWS\System32\WS2_32.dll
0x00007ff8f85f0000 - 0x00007ff8f863d000 	C:\WINDOWS\SYSTEM32\POWRPROF.dll
0x00007ff8f34f0000 - 0x00007ff8f3524000 	C:\WINDOWS\SYSTEM32\WINMM.dll
0x00007ff8f85d0000 - 0x00007ff8f85e3000 	C:\WINDOWS\SYSTEM32\UMPDC.dll
0x00007ff8f8880000 - 0x00007ff8f8898000 	C:\WINDOWS\SYSTEM32\kernel.appcore.dll
0x00007ff8f5020000 - 0x00007ff8f502a000 	D:\Python\PyCharm 2024.2\jbr\bin\jimage.dll
0x00007ff8f7040000 - 0x00007ff8f7272000 	C:\WINDOWS\SYSTEM32\DBGHELP.DLL
0x00007ff8fb650000 - 0x00007ff8fb9dd000 	C:\WINDOWS\System32\combase.dll
0x00007ff8fa800000 - 0x00007ff8fa8d7000 	C:\WINDOWS\System32\OLEAUT32.dll
0x00007ff8db510000 - 0x00007ff8db542000 	C:\WINDOWS\SYSTEM32\dbgcore.DLL
0x00007ff8f9c70000 - 0x00007ff8f9ceb000 	C:\WINDOWS\System32\bcryptPrimitives.dll
0x00007ff8f4ce0000 - 0x00007ff8f4cff000 	D:\Python\PyCharm 2024.2\jbr\bin\java.dll

dbghelp: loaded successfully - version: 4.0.5 - missing functions: none
symbol engine: initialized successfully - sym options: 0x614 - pdb path: .;D:\Python\PyCharm 2024.2\jbr\bin;C:\WINDOWS\SYSTEM32;C:\WINDOWS\WinSxS\amd64_microsoft.windows.common-controls_6595b64144ccf1df_6.0.22621.3672_none_2713b9d173822955;C:\Program Files (x86)\360\Total Security\safemon;D:\Python\PyCharm 2024.2\jbr\bin\server

VM Arguments:
java_command: git4idea.http.GitAskPassApp Username for 'https://github.com': 
java_class_path (initial): D:/Python/PyCharm 2024.2/plugins/vcs-git/lib/git4idea-rt.jar;D:/Python/PyCharm 2024.2/lib/externalProcess-rt.jar
Launcher Type: SUN_STANDARD

[Global flags]
     intx CICompilerCount                          = 4                                         {product} {ergonomic}
     uint ConcGCThreads                            = 2                                         {product} {ergonomic}
     uint G1ConcRefinementThreads                  = 8                                         {product} {ergonomic}
   size_t G1HeapRegionSize                         = 1048576                                   {product} {ergonomic}
    uintx GCDrainStackTargetSize                   = 64                                        {product} {ergonomic}
   size_t InitialHeapSize                          = 132120576                                 {product} {ergonomic}
   size_t MarkStackSize                            = 4194304                                   {product} {ergonomic}
   size_t MaxHeapSize                              = 2101346304                                {product} {ergonomic}
   size_t MinHeapDeltaBytes                        = 1048576                                   {product} {ergonomic}
   size_t MinHeapSize                              = 8388608                                   {product} {ergonomic}
    uintx NonNMethodCodeHeapSize                   = 5839372                                {pd product} {ergonomic}
    uintx NonProfiledCodeHeapSize                  = 122909434                              {pd product} {ergonomic}
    uintx ProfiledCodeHeapSize                     = 122909434                              {pd product} {ergonomic}
    uintx ReservedCodeCacheSize                    = 251658240                              {pd product} {ergonomic}
     bool SegmentedCodeCache                       = true                                      {product} {ergonomic}
   size_t SoftMaxHeapSize                          = 2101346304                             {manageable} {ergonomic}
     bool UseCompressedOops                        = true                           {product lp64_product} {ergonomic}
     bool UseG1GC                                  = true                                      {product} {ergonomic}
     bool UseLargePagesIndividualAllocation        = false                                  {pd product} {ergonomic}

Logging:
Log output configuration:
 #0: stdout all=warning uptime,level,tags foldmultilines=false
 #1: stderr all=off uptime,level,tags foldmultilines=false

Environment Variables:
PATH=C:\Program Files\Git\mingw64\libexec\git-core;C:\Program Files\Git\mingw64\libexec\git-core;C:\Program Files\Git\mingw64\bin;C:\Program Files\Git\usr\bin;C:\Users\MICK\bin;C:\Users\MICK\PycharmProjects\pythonProject\.venv\Scripts;C:\WINDOWS\system32;C:\WINDOWS;C:\WINDOWS\System32\Wbem;C:\WINDOWS\System32\WindowsPowerShell\v1.0;C:\WINDOWS\System32\OpenSSH;C:\Program Files\Git\cmd;C:\Users\MICK\AppData\Local\Programs\Python\Launcher;C:\Users\MICK\AppData\Local\Microsoft\WindowsApps;D:\pyton\PyCharm 2024.2\bin;C:\Users\MICK\AppData\Local\Programs\Microsoft VS Code\bin
USERNAME=MICK
DISPLAY=:0.0
LC_ALL=en_US.UTF-8
TERM=xterm-256color
TMPDIR=C:\Users\MICK\AppData\Local\Temp
OS=Windows_NT
PROCESSOR_IDENTIFIER=Intel64 Family 6 Model 142 Stepping 12, GenuineIntel
TMP=C:\Users\MICK\AppData\Local\Temp
TEMP=C:\Users\MICK\AppData\Local\Temp




Periodic native trim disabled

JNI global refs:
JNI global refs: 0, weak refs: 0

JNI global refs memory usage: 0, weak refs: 0

Process memory usage:
Resident Set Size: 12692K (0% of 8206964K total physical memory with 516524K free physical memory)

OOME stack traces (most recent first):
Classloader memory used:

---------------  S Y S T E M  ---------------

OS:
 Windows 11 , 64 bit Build 22621 (10.0.22621.3958)
OS uptime: 1 days 15:15 hours

CPU: total 8 (initial active 8) (4 cores per cpu, 2 threads per core) family 6 model 142 stepping 12 microcode 0xec, cx8, cmov, fxsr, ht, mmx, 3dnowpref, sse, sse2, sse3, ssse3, sse4.1, sse4.2, popcnt, lzcnt, tsc, tscinvbit, avx, avx2, aes, erms, clmul, bmi1, bmi2, adx, fma, vzeroupper, clflush, clflushopt, rdtscp, f16c
Processor Information for processor 0
  Max Mhz: 2112, Current Mhz: 1508, Mhz Limit: 1605
Processor Information for processor 1
  Max Mhz: 2112, Current Mhz: 1508, Mhz Limit: 1605
Processor Information for processor 2
  Max Mhz: 2112, Current Mhz: 1508, Mhz Limit: 1605
Processor Information for processor 3
  Max Mhz: 2112, Current Mhz: 1609, Mhz Limit: 1605
Processor Information for processor 4
  Max Mhz: 2112, Current Mhz: 1609, Mhz Limit: 1605
Processor Information for processor 5
  Max Mhz: 2112, Current Mhz: 1508, Mhz Limit: 1605
Processor Information for processor 6
  Max Mhz: 2112, Current Mhz: 1609, Mhz Limit: 1605
Processor Information for processor 7
  Max Mhz: 2112, Current Mhz: 1508, Mhz Limit: 1605

Memory: 4k page, system-wide physical 8014M (504M free)
TotalPageFile size 10062M (AvailPageFile size 14M)
current process WorkingSet (physical memory assigned to process): 12M, peak: 12M
current process commit charge ("private bytes"): 60M, peak: 186M

vm_info: OpenJDK 64-Bit Server VM (21.0.3+13-b509.4) for windows-amd64 JRE (21.0.3+13-b509.4), built on 2024-06-26 by "builduser" with MS VC++ 16.10 / 16.11 (VS2019)

END.
